mode: atomic
github.com/TcMits/ent-clean-template/pkg/tool/jwt/jwt.go:12.62,18.16 4 3
github.com/TcMits/ent-clean-template/pkg/tool/jwt/jwt.go:22.2,22.20 1 3
github.com/TcMits/ent-clean-template/pkg/tool/jwt/jwt.go:18.16,20.3 1 2
github.com/TcMits/ent-clean-template/pkg/tool/jwt/jwt.go:26.69,29.74 2 5
github.com/TcMits/ent-clean-template/pkg/tool/jwt/jwt.go:32.2,32.16 1 5
github.com/TcMits/ent-clean-template/pkg/tool/jwt/jwt.go:36.2,36.79 1 1
github.com/TcMits/ent-clean-template/pkg/tool/jwt/jwt.go:40.2,40.50 1 0
github.com/TcMits/ent-clean-template/pkg/tool/jwt/jwt.go:29.74,31.3 1 4
github.com/TcMits/ent-clean-template/pkg/tool/jwt/jwt.go:32.16,34.3 1 4
github.com/TcMits/ent-clean-template/pkg/tool/jwt/jwt.go:36.79,38.3 1 1
github.com/TcMits/ent-clean-template/pkg/tool/jwt/jwt.go:48.19,55.28 3 5
github.com/TcMits/ent-clean-template/pkg/tool/jwt/jwt.go:59.2,59.91 1 5
github.com/TcMits/ent-clean-template/pkg/tool/jwt/jwt.go:55.28,57.3 1 7
github.com/TcMits/ent-clean-template/pkg/tool/tool.go:12.45,13.57 1 2
github.com/TcMits/ent-clean-template/pkg/tool/tool.go:13.57,16.28 3 2
github.com/TcMits/ent-clean-template/pkg/tool/tool.go:21.3,22.23 2 2
github.com/TcMits/ent-clean-template/pkg/tool/tool.go:28.3,28.35 1 2
github.com/TcMits/ent-clean-template/pkg/tool/tool.go:16.28,20.4 1 1
github.com/TcMits/ent-clean-template/pkg/tool/tool.go:22.23,24.4 1 1
github.com/TcMits/ent-clean-template/pkg/tool/tool.go:24.9,26.4 1 1
github.com/TcMits/ent-clean-template/internal/usecase/create.go:17.59,27.3 1 0
github.com/TcMits/ent-clean-template/internal/usecase/create.go:28.49,38.3 1 0
github.com/TcMits/ent-clean-template/internal/usecase/create.go:39.51,49.3 1 0
github.com/TcMits/ent-clean-template/internal/usecase/create.go:88.22,90.16 2 3
github.com/TcMits/ent-clean-template/internal/usecase/create.go:93.2,94.16 2 2
github.com/TcMits/ent-clean-template/internal/usecase/create.go:97.2,97.22 1 1
github.com/TcMits/ent-clean-template/internal/usecase/create.go:90.16,92.3 1 1
github.com/TcMits/ent-clean-template/internal/usecase/create.go:94.16,96.3 1 1
github.com/TcMits/ent-clean-template/internal/usecase/create.go:102.35,104.16 2 3
github.com/TcMits/ent-clean-template/internal/usecase/create.go:110.2,110.15 1 3
github.com/TcMits/ent-clean-template/internal/usecase/create.go:128.2,129.16 2 3
github.com/TcMits/ent-clean-template/internal/usecase/create.go:134.2,135.16 2 2
github.com/TcMits/ent-clean-template/internal/usecase/create.go:139.2,139.8 1 1
github.com/TcMits/ent-clean-template/internal/usecase/create.go:104.16,107.3 2 0
github.com/TcMits/ent-clean-template/internal/usecase/create.go:110.15,111.31 1 3
github.com/TcMits/ent-clean-template/internal/usecase/create.go:115.3,115.17 1 3
github.com/TcMits/ent-clean-template/internal/usecase/create.go:121.3,121.40 1 1
github.com/TcMits/ent-clean-template/internal/usecase/create.go:111.31,113.12 2 0
github.com/TcMits/ent-clean-template/internal/usecase/create.go:115.17,116.43 1 2
github.com/TcMits/ent-clean-template/internal/usecase/create.go:119.4,119.10 1 2
github.com/TcMits/ent-clean-template/internal/usecase/create.go:116.43,118.5 1 0
github.com/TcMits/ent-clean-template/internal/usecase/create.go:121.40,124.4 2 0
github.com/TcMits/ent-clean-template/internal/usecase/create.go:129.16,131.3 1 1
github.com/TcMits/ent-clean-template/internal/usecase/create.go:135.16,138.3 2 1
github.com/TcMits/ent-clean-template/internal/usecase/create.go:144.22,146.16 2 4
github.com/TcMits/ent-clean-template/internal/usecase/create.go:149.2,150.16 2 3
github.com/TcMits/ent-clean-template/internal/usecase/create.go:155.2,155.20 1 2
github.com/TcMits/ent-clean-template/internal/usecase/create.go:174.2,174.22 1 2
github.com/TcMits/ent-clean-template/internal/usecase/create.go:146.16,148.3 1 1
github.com/TcMits/ent-clean-template/internal/usecase/create.go:150.16,152.3 1 1
github.com/TcMits/ent-clean-template/internal/usecase/create.go:155.20,156.13 1 2
github.com/TcMits/ent-clean-template/internal/usecase/create.go:156.13,159.31 3 2
github.com/TcMits/ent-clean-template/internal/usecase/create.go:159.31,163.23 2 2
github.com/TcMits/ent-clean-template/internal/usecase/create.go:167.5,170.6 1 1
github.com/TcMits/ent-clean-template/internal/usecase/create.go:163.23,165.14 2 1
github.com/TcMits/ent-clean-template/internal/usecase/delete.go:12.59,22.3 1 0
github.com/TcMits/ent-clean-template/internal/usecase/delete.go:23.49,33.3 1 0
github.com/TcMits/ent-clean-template/internal/usecase/delete.go:34.51,44.3 1 0
github.com/TcMits/ent-clean-template/internal/usecase/delete.go:65.9,67.16 2 2
github.com/TcMits/ent-clean-template/internal/usecase/delete.go:70.2,71.16 2 1
github.com/TcMits/ent-clean-template/internal/usecase/delete.go:74.2,74.12 1 1
github.com/TcMits/ent-clean-template/internal/usecase/delete.go:67.16,69.3 1 1
github.com/TcMits/ent-clean-template/internal/usecase/delete.go:71.16,73.3 1 0
github.com/TcMits/ent-clean-template/internal/usecase/delete.go:79.15,81.16 2 3
github.com/TcMits/ent-clean-template/internal/usecase/delete.go:86.2,86.15 1 3
github.com/TcMits/ent-clean-template/internal/usecase/delete.go:103.2,104.16 2 3
github.com/TcMits/ent-clean-template/internal/usecase/delete.go:109.2,110.16 2 2
github.com/TcMits/ent-clean-template/internal/usecase/delete.go:116.2,117.16 2 1
github.com/TcMits/ent-clean-template/internal/usecase/delete.go:121.2,121.8 1 1
github.com/TcMits/ent-clean-template/internal/usecase/delete.go:81.16,84.3 2 0
github.com/TcMits/ent-clean-template/internal/usecase/delete.go:86.15,87.31 1 3
github.com/TcMits/ent-clean-template/internal/usecase/delete.go:91.3,91.17 1 3
github.com/TcMits/ent-clean-template/internal/usecase/delete.go:97.3,97.40 1 1
github.com/TcMits/ent-clean-template/internal/usecase/delete.go:87.31,89.12 2 0
github.com/TcMits/ent-clean-template/internal/usecase/delete.go:91.17,92.43 1 2
github.com/TcMits/ent-clean-template/internal/usecase/delete.go:95.4,95.10 1 2
github.com/TcMits/ent-clean-template/internal/usecase/delete.go:92.43,94.5 1 0
github.com/TcMits/ent-clean-template/internal/usecase/delete.go:97.40,99.4 1 0
github.com/TcMits/ent-clean-template/internal/usecase/delete.go:104.16,106.3 1 1
github.com/TcMits/ent-clean-template/internal/usecase/delete.go:110.16,113.3 2 1
github.com/TcMits/ent-clean-template/internal/usecase/delete.go:117.16,120.3 2 0
github.com/TcMits/ent-clean-template/internal/usecase/user.go:24.73,31.3 1 1
github.com/TcMits/ent-clean-template/internal/usecase/user.go:32.64,39.3 1 0
github.com/TcMits/ent-clean-template/internal/usecase/user.go:40.95,50.3 1 1
github.com/TcMits/ent-clean-template/internal/usecase/user.go:51.98,61.3 1 1
github.com/TcMits/ent-clean-template/internal/usecase/user.go:62.91,69.3 1 4
github.com/TcMits/ent-clean-template/internal/usecase/user.go:70.83,77.3 1 1
github.com/TcMits/ent-clean-template/internal/usecase/user.go:87.86,93.2 1 4
github.com/TcMits/ent-clean-template/internal/usecase/user.go:95.82,98.62 1 2
github.com/TcMits/ent-clean-template/internal/usecase/user.go:98.62,99.22 1 2
github.com/TcMits/ent-clean-template/internal/usecase/user.go:102.5,104.6 1 1
github.com/TcMits/ent-clean-template/internal/usecase/user.go:99.22,101.6 1 1
github.com/TcMits/ent-clean-template/internal/usecase/user.go:110.89,112.9 2 2
github.com/TcMits/ent-clean-template/internal/usecase/user.go:117.2,117.26 1 1
github.com/TcMits/ent-clean-template/internal/usecase/user.go:112.9,116.3 1 1
github.com/TcMits/ent-clean-template/internal/usecase/user.go:124.9,125.50 1 3
github.com/TcMits/ent-clean-template/internal/usecase/user.go:133.2,133.12 1 2
github.com/TcMits/ent-clean-template/internal/usecase/user.go:125.50,127.17 2 3
github.com/TcMits/ent-clean-template/internal/usecase/user.go:127.17,131.4 1 1
github.com/TcMits/ent-clean-template/internal/usecase/user.go:140.9,141.59 1 3
github.com/TcMits/ent-clean-template/internal/usecase/user.go:149.2,149.12 1 2
github.com/TcMits/ent-clean-template/internal/usecase/user.go:141.59,143.17 2 3
github.com/TcMits/ent-clean-template/internal/usecase/user.go:143.17,147.4 1 1
github.com/TcMits/ent-clean-template/internal/usecase/user.go:156.35,169.29 2 1
github.com/TcMits/ent-clean-template/internal/usecase/user.go:175.2,177.20 3 1
github.com/TcMits/ent-clean-template/internal/usecase/user.go:169.29,171.17 2 2
github.com/TcMits/ent-clean-template/internal/usecase/user.go:171.17,173.4 1 0
github.com/TcMits/ent-clean-template/internal/usecase/user.go:188.3,205.74 3 1
github.com/TcMits/ent-clean-template/internal/usecase/user.go:211.2,230.3 4 1
github.com/TcMits/ent-clean-template/internal/usecase/user.go:205.74,207.4 1 0
github.com/TcMits/ent-clean-template/internal/usecase/serialize.go:21.18,22.14 1 3
github.com/TcMits/ent-clean-template/internal/usecase/serialize.go:26.2,26.25 1 2
github.com/TcMits/ent-clean-template/internal/usecase/serialize.go:22.14,24.3 1 1
github.com/TcMits/ent-clean-template/internal/usecase/serialize.go:33.44,34.102 1 2
github.com/TcMits/ent-clean-template/internal/usecase/serialize.go:57.2,57.15 1 2
github.com/TcMits/ent-clean-template/internal/usecase/serialize.go:34.102,39.10 4 1
github.com/TcMits/ent-clean-template/internal/usecase/serialize.go:43.3,43.36 1 1
github.com/TcMits/ent-clean-template/internal/usecase/serialize.go:47.3,47.38 1 1
github.com/TcMits/ent-clean-template/internal/usecase/serialize.go:54.3,54.57 1 1
github.com/TcMits/ent-clean-template/internal/usecase/serialize.go:39.10,41.4 1 0
github.com/TcMits/ent-clean-template/internal/usecase/serialize.go:43.36,45.4 1 0
github.com/TcMits/ent-clean-template/internal/usecase/serialize.go:47.38,49.41 2 0
github.com/TcMits/ent-clean-template/internal/usecase/serialize.go:49.41,51.5 1 0
github.com/TcMits/ent-clean-template/internal/usecase/update.go:17.59,27.3 1 0
github.com/TcMits/ent-clean-template/internal/usecase/update.go:28.49,38.3 1 0
github.com/TcMits/ent-clean-template/internal/usecase/update.go:39.51,49.3 1 0
github.com/TcMits/ent-clean-template/internal/usecase/update.go:93.22,95.16 2 4
github.com/TcMits/ent-clean-template/internal/usecase/update.go:98.2,99.16 2 3
github.com/TcMits/ent-clean-template/internal/usecase/update.go:102.2,103.16 2 2
github.com/TcMits/ent-clean-template/internal/usecase/update.go:106.2,106.22 1 1
github.com/TcMits/ent-clean-template/internal/usecase/update.go:95.16,97.3 1 1
github.com/TcMits/ent-clean-template/internal/usecase/update.go:99.16,101.3 1 1
github.com/TcMits/ent-clean-template/internal/usecase/update.go:103.16,105.3 1 1
github.com/TcMits/ent-clean-template/internal/usecase/update.go:113.35,115.16 2 5
github.com/TcMits/ent-clean-template/internal/usecase/update.go:121.2,121.15 1 5
github.com/TcMits/ent-clean-template/internal/usecase/update.go:139.2,140.16 2 5
github.com/TcMits/ent-clean-template/internal/usecase/update.go:145.2,151.16 2 4
github.com/TcMits/ent-clean-template/internal/usecase/update.go:157.2,158.16 2 3
github.com/TcMits/ent-clean-template/internal/usecase/update.go:163.2,164.16 2 2
github.com/TcMits/ent-clean-template/internal/usecase/update.go:168.2,168.8 1 1
github.com/TcMits/ent-clean-template/internal/usecase/update.go:115.16,118.3 2 0
github.com/TcMits/ent-clean-template/internal/usecase/update.go:121.15,122.31 1 5
github.com/TcMits/ent-clean-template/internal/usecase/update.go:126.3,126.17 1 5
github.com/TcMits/ent-clean-template/internal/usecase/update.go:132.3,132.40 1 1
github.com/TcMits/ent-clean-template/internal/usecase/update.go:122.31,124.12 2 0
github.com/TcMits/ent-clean-template/internal/usecase/update.go:126.17,127.43 1 4
github.com/TcMits/ent-clean-template/internal/usecase/update.go:130.4,130.10 1 4
github.com/TcMits/ent-clean-template/internal/usecase/update.go:127.43,129.5 1 0
github.com/TcMits/ent-clean-template/internal/usecase/update.go:132.40,135.4 2 0
github.com/TcMits/ent-clean-template/internal/usecase/update.go:140.16,142.3 1 1
github.com/TcMits/ent-clean-template/internal/usecase/update.go:151.16,154.3 2 1
github.com/TcMits/ent-clean-template/internal/usecase/update.go:158.16,160.3 1 1
github.com/TcMits/ent-clean-template/internal/usecase/update.go:164.16,167.3 2 1
github.com/TcMits/ent-clean-template/internal/usecase/update.go:175.22,177.16 2 4
github.com/TcMits/ent-clean-template/internal/usecase/update.go:180.2,181.16 2 3
github.com/TcMits/ent-clean-template/internal/usecase/update.go:186.2,186.20 1 2
github.com/TcMits/ent-clean-template/internal/usecase/update.go:205.2,205.22 1 2
github.com/TcMits/ent-clean-template/internal/usecase/update.go:177.16,179.3 1 1
github.com/TcMits/ent-clean-template/internal/usecase/update.go:181.16,183.3 1 1
github.com/TcMits/ent-clean-template/internal/usecase/update.go:186.20,187.13 1 2
github.com/TcMits/ent-clean-template/internal/usecase/update.go:187.13,190.31 3 2
github.com/TcMits/ent-clean-template/internal/usecase/update.go:190.31,194.23 2 2
github.com/TcMits/ent-clean-template/internal/usecase/update.go:198.5,201.6 1 1
github.com/TcMits/ent-clean-template/internal/usecase/update.go:194.23,196.14 2 1
github.com/TcMits/ent-clean-template/internal/usecase/login.go:30.54,37.3 1 1
github.com/TcMits/ent-clean-template/internal/usecase/login.go:38.57,45.3 1 0
github.com/TcMits/ent-clean-template/internal/usecase/login.go:46.58,53.3 1 0
github.com/TcMits/ent-clean-template/internal/usecase/login.go:54.51,61.3 1 0
github.com/TcMits/ent-clean-template/internal/usecase/login.go:62.50,69.3 1 0
github.com/TcMits/ent-clean-template/internal/usecase/login.go:82.127,83.23 1 1
github.com/TcMits/ent-clean-template/internal/usecase/login.go:86.2,86.26 1 1
github.com/TcMits/ent-clean-template/internal/usecase/login.go:89.2,89.92 1 1
github.com/TcMits/ent-clean-template/internal/usecase/login.go:83.23,84.34 1 0
github.com/TcMits/ent-clean-template/internal/usecase/login.go:86.26,87.37 1 0
github.com/TcMits/ent-clean-template/internal/usecase/login.go:92.74,98.2 1 10
github.com/TcMits/ent-clean-template/internal/usecase/login.go:103.24,105.9 2 14
github.com/TcMits/ent-clean-template/internal/usecase/login.go:108.2,109.16 2 14
github.com/TcMits/ent-clean-template/internal/usecase/login.go:112.2,116.16 3 11
github.com/TcMits/ent-clean-template/internal/usecase/login.go:119.2,120.36 2 10
github.com/TcMits/ent-clean-template/internal/usecase/login.go:123.2,123.18 1 10
github.com/TcMits/ent-clean-template/internal/usecase/login.go:105.9,107.3 1 2
github.com/TcMits/ent-clean-template/internal/usecase/login.go:109.16,111.3 1 3
github.com/TcMits/ent-clean-template/internal/usecase/login.go:116.16,118.3 1 1
github.com/TcMits/ent-clean-template/internal/usecase/login.go:120.36,122.3 1 0
github.com/TcMits/ent-clean-template/internal/usecase/login.go:126.76,128.2 1 5
github.com/TcMits/ent-clean-template/internal/usecase/login.go:132.44,136.16 2 4
github.com/TcMits/ent-clean-template/internal/usecase/login.go:139.2,143.16 4 4
github.com/TcMits/ent-clean-template/internal/usecase/login.go:146.2,149.8 1 4
github.com/TcMits/ent-clean-template/internal/usecase/login.go:136.16,138.3 1 0
github.com/TcMits/ent-clean-template/internal/usecase/login.go:143.16,145.3 1 0
github.com/TcMits/ent-clean-template/internal/usecase/login.go:152.97,154.16 2 5
github.com/TcMits/ent-clean-template/internal/usecase/login.go:157.2,157.50 1 5
github.com/TcMits/ent-clean-template/internal/usecase/login.go:154.16,156.3 1 0
github.com/TcMits/ent-clean-template/internal/usecase/login.go:162.24,167.16 2 4
github.com/TcMits/ent-clean-template/internal/usecase/login.go:170.2,171.48 2 4
github.com/TcMits/ent-clean-template/internal/usecase/login.go:174.2,174.50 1 4
github.com/TcMits/ent-clean-template/internal/usecase/login.go:167.16,169.3 1 0
github.com/TcMits/ent-clean-template/internal/usecase/login.go:171.48,173.3 1 0
github.com/TcMits/ent-clean-template/internal/usecase/login.go:180.50,182.16 2 2
github.com/TcMits/ent-clean-template/internal/usecase/login.go:185.2,186.16 2 1
github.com/TcMits/ent-clean-template/internal/usecase/login.go:189.2,190.16 2 1
github.com/TcMits/ent-clean-template/internal/usecase/login.go:193.2,197.8 1 1
github.com/TcMits/ent-clean-template/internal/usecase/login.go:182.16,184.3 1 1
github.com/TcMits/ent-clean-template/internal/usecase/login.go:186.16,188.3 1 0
github.com/TcMits/ent-clean-template/internal/usecase/login.go:190.16,192.3 1 0
github.com/TcMits/ent-clean-template/internal/usecase/login.go:203.19,205.16 2 1
github.com/TcMits/ent-clean-template/internal/usecase/login.go:208.2,209.16 2 1
github.com/TcMits/ent-clean-template/internal/usecase/login.go:212.2,212.25 1 1
github.com/TcMits/ent-clean-template/internal/usecase/login.go:205.16,207.3 1 0
github.com/TcMits/ent-clean-template/internal/usecase/login.go:209.16,211.3 1 0
github.com/TcMits/ent-clean-template/internal/usecase/login.go:215.92,217.16 2 1
github.com/TcMits/ent-clean-template/internal/usecase/login.go:220.2,220.18 1 1
github.com/TcMits/ent-clean-template/internal/usecase/login.go:217.16,219.3 1 0
github.com/TcMits/ent-clean-template/internal/usecase/mocks.go:26.149,30.2 3 0
github.com/TcMits/ent-clean-template/internal/usecase/mocks.go:33.139,35.2 1 0
github.com/TcMits/ent-clean-template/internal/usecase/mocks.go:38.127,43.2 4 0
github.com/TcMits/ent-clean-template/internal/usecase/mocks.go:46.124,49.2 2 0
github.com/TcMits/ent-clean-template/internal/usecase/mocks.go:63.159,67.2 3 0
github.com/TcMits/ent-clean-template/internal/usecase/mocks.go:70.145,72.2 1 0
github.com/TcMits/ent-clean-template/internal/usecase/mocks.go:75.165,81.2 5 0
github.com/TcMits/ent-clean-template/internal/usecase/mocks.go:84.140,87.2 2 0
github.com/TcMits/ent-clean-template/internal/usecase/mocks.go:101.129,105.2 3 2
github.com/TcMits/ent-clean-template/internal/usecase/mocks.go:108.119,110.2 1 4
github.com/TcMits/ent-clean-template/internal/usecase/mocks.go:113.116,119.2 5 6
github.com/TcMits/ent-clean-template/internal/usecase/mocks.go:122.108,125.2 2 4
github.com/TcMits/ent-clean-template/internal/usecase/mocks.go:139.107,143.2 3 0
github.com/TcMits/ent-clean-template/internal/usecase/mocks.go:146.101,148.2 1 0
github.com/TcMits/ent-clean-template/internal/usecase/mocks.go:151.103,157.2 5 0
github.com/TcMits/ent-clean-template/internal/usecase/mocks.go:160.101,163.2 2 0
github.com/TcMits/ent-clean-template/internal/usecase/mocks.go:177.137,181.2 3 1
github.com/TcMits/ent-clean-template/internal/usecase/mocks.go:184.127,186.2 1 2
github.com/TcMits/ent-clean-template/internal/usecase/mocks.go:189.124,195.2 5 3
github.com/TcMits/ent-clean-template/internal/usecase/mocks.go:198.115,201.2 2 2
github.com/TcMits/ent-clean-template/internal/usecase/mocks.go:215.177,219.2 3 1
github.com/TcMits/ent-clean-template/internal/usecase/mocks.go:222.163,224.2 1 2
github.com/TcMits/ent-clean-template/internal/usecase/mocks.go:227.165,233.2 5 3
github.com/TcMits/ent-clean-template/internal/usecase/mocks.go:236.145,239.2 2 2
github.com/TcMits/ent-clean-template/internal/usecase/mocks.go:253.147,257.2 3 0
github.com/TcMits/ent-clean-template/internal/usecase/mocks.go:260.137,262.2 1 0
github.com/TcMits/ent-clean-template/internal/usecase/mocks.go:265.121,270.2 4 0
github.com/TcMits/ent-clean-template/internal/usecase/mocks.go:273.126,276.2 2 0
github.com/TcMits/ent-clean-template/internal/usecase/mocks.go:290.125,294.2 3 0
github.com/TcMits/ent-clean-template/internal/usecase/mocks.go:297.119,299.2 1 0
github.com/TcMits/ent-clean-template/internal/usecase/mocks.go:302.142,307.2 4 0
github.com/TcMits/ent-clean-template/internal/usecase/mocks.go:310.102,313.2 2 0
github.com/TcMits/ent-clean-template/internal/usecase/mocks.go:316.103,321.2 4 0
github.com/TcMits/ent-clean-template/internal/usecase/mocks.go:324.110,327.2 2 0
github.com/TcMits/ent-clean-template/internal/usecase/mocks.go:330.141,335.2 4 0
github.com/TcMits/ent-clean-template/internal/usecase/mocks.go:338.101,341.2 2 0
github.com/TcMits/ent-clean-template/internal/usecase/mocks.go:355.241,359.2 3 0
github.com/TcMits/ent-clean-template/internal/usecase/mocks.go:362.223,364.2 1 0
github.com/TcMits/ent-clean-template/internal/usecase/mocks.go:367.192,373.2 5 0
github.com/TcMits/ent-clean-template/internal/usecase/mocks.go:376.162,379.2 2 0
github.com/TcMits/ent-clean-template/internal/usecase/mocks.go:382.185,388.2 5 0
github.com/TcMits/ent-clean-template/internal/usecase/mocks.go:391.169,394.2 2 0
github.com/TcMits/ent-clean-template/internal/usecase/mocks.go:397.171,403.2 5 0
github.com/TcMits/ent-clean-template/internal/usecase/mocks.go:406.168,409.2 2 0
github.com/TcMits/ent-clean-template/internal/usecase/permission.go:13.95,15.2 1 21
github.com/TcMits/ent-clean-template/internal/usecase/permission.go:19.42,21.58 1 4
github.com/TcMits/ent-clean-template/internal/usecase/permission.go:21.58,22.42 1 4
github.com/TcMits/ent-clean-template/internal/usecase/permission.go:25.4,25.48 1 3
github.com/TcMits/ent-clean-template/internal/usecase/permission.go:28.4,28.14 1 2
github.com/TcMits/ent-clean-template/internal/usecase/permission.go:22.42,24.5 1 1
github.com/TcMits/ent-clean-template/internal/usecase/permission.go:25.48,27.5 1 1
github.com/TcMits/ent-clean-template/internal/usecase/permission.go:35.42,37.58 1 1
github.com/TcMits/ent-clean-template/internal/usecase/permission.go:37.58,39.41 2 1
github.com/TcMits/ent-clean-template/internal/usecase/permission.go:42.4,42.47 1 1
github.com/TcMits/ent-clean-template/internal/usecase/permission.go:45.4,45.14 1 0
github.com/TcMits/ent-clean-template/internal/usecase/permission.go:39.41,41.5 1 0
github.com/TcMits/ent-clean-template/internal/usecase/permission.go:42.47,44.5 1 1
github.com/TcMits/ent-clean-template/internal/usecase/permission.go:50.76,52.51 1 1
github.com/TcMits/ent-clean-template/internal/usecase/permission.go:52.51,54.4 1 1
github.com/TcMits/ent-clean-template/internal/usecase/permission.go:58.88,60.51 1 1
github.com/TcMits/ent-clean-template/internal/usecase/permission.go:60.51,62.4 1 1
github.com/TcMits/ent-clean-template/internal/usecase/permission.go:66.96,68.51 1 5
github.com/TcMits/ent-clean-template/internal/usecase/permission.go:68.51,69.30 1 5
github.com/TcMits/ent-clean-template/internal/usecase/permission.go:72.4,72.14 1 2
github.com/TcMits/ent-clean-template/internal/usecase/permission.go:69.30,71.5 1 3
github.com/TcMits/ent-clean-template/internal/usecase/read.go:33.22,35.16 2 3
github.com/TcMits/ent-clean-template/internal/usecase/read.go:38.2,39.16 2 2
github.com/TcMits/ent-clean-template/internal/usecase/read.go:42.2,42.22 1 1
github.com/TcMits/ent-clean-template/internal/usecase/read.go:35.16,37.3 1 1
github.com/TcMits/ent-clean-template/internal/usecase/read.go:39.16,41.3 1 1
github.com/TcMits/ent-clean-template/internal/usecase/read.go:47.16,49.16 2 3
github.com/TcMits/ent-clean-template/internal/usecase/read.go:52.2,53.16 2 2
github.com/TcMits/ent-clean-template/internal/usecase/read.go:56.2,56.19 1 1
github.com/TcMits/ent-clean-template/internal/usecase/read.go:49.16,51.3 1 1
github.com/TcMits/ent-clean-template/internal/usecase/read.go:53.16,55.3 1 1
github.com/TcMits/ent-clean-template/internal/usecase/read.go:65.24,67.16 2 4
github.com/TcMits/ent-clean-template/internal/usecase/read.go:70.2,71.16 2 3
github.com/TcMits/ent-clean-template/internal/usecase/read.go:74.2,75.16 2 2
github.com/TcMits/ent-clean-template/internal/usecase/read.go:78.2,78.22 1 1
github.com/TcMits/ent-clean-template/internal/usecase/read.go:67.16,69.3 1 1
github.com/TcMits/ent-clean-template/internal/usecase/read.go:71.16,73.3 1 1
github.com/TcMits/ent-clean-template/internal/usecase/read.go:75.16,77.3 1 1
github.com/TcMits/ent-clean-template/internal/controller/http/v1/middleware/auth.go:23.42,25.22 2 7
github.com/TcMits/ent-clean-template/internal/controller/http/v1/middleware/auth.go:30.2,31.67 2 3
github.com/TcMits/ent-clean-template/internal/controller/http/v1/middleware/auth.go:35.2,35.27 1 3
github.com/TcMits/ent-clean-template/internal/controller/http/v1/middleware/auth.go:25.22,27.3 1 4
github.com/TcMits/ent-clean-template/internal/controller/http/v1/middleware/auth.go:31.67,33.3 1 0
github.com/TcMits/ent-clean-template/internal/controller/http/v1/middleware/auth.go:40.41,42.2 1 4
github.com/TcMits/ent-clean-template/internal/controller/http/v1/middleware/auth.go:49.16,50.25 1 2
github.com/TcMits/ent-clean-template/internal/controller/http/v1/middleware/auth.go:53.2,53.32 1 2
github.com/TcMits/ent-clean-template/internal/controller/http/v1/middleware/auth.go:50.25,51.36 1 0
github.com/TcMits/ent-clean-template/internal/controller/http/v1/middleware/auth.go:53.32,57.52 4 7
github.com/TcMits/ent-clean-template/internal/controller/http/v1/middleware/auth.go:60.3,60.30 1 7
github.com/TcMits/ent-clean-template/internal/controller/http/v1/middleware/auth.go:66.3,69.13 4 7
github.com/TcMits/ent-clean-template/internal/controller/http/v1/middleware/auth.go:57.52,59.4 1 4
github.com/TcMits/ent-clean-template/internal/controller/http/v1/middleware/auth.go:60.30,63.4 2 7
github.com/TcMits/ent-clean-template/internal/controller/http/v1/middleware/common.go:11.28,12.32 1 1
github.com/TcMits/ent-clean-template/internal/controller/http/v1/middleware/common.go:12.32,19.3 5 1
github.com/TcMits/ent-clean-template/internal/controller/http/v1/middleware/logger.go:13.46,14.14 1 0
github.com/TcMits/ent-clean-template/internal/controller/http/v1/middleware/logger.go:17.2,17.32 1 0
github.com/TcMits/ent-clean-template/internal/controller/http/v1/middleware/logger.go:14.14,15.25 1 0
github.com/TcMits/ent-clean-template/internal/controller/http/v1/middleware/logger.go:17.32,26.3 8 0
github.com/TcMits/ent-clean-template/internal/controller/http/v1/middleware/permission.go:16.16,17.28 1 1
github.com/TcMits/ent-clean-template/internal/controller/http/v1/middleware/permission.go:20.2,20.14 1 1
github.com/TcMits/ent-clean-template/internal/controller/http/v1/middleware/permission.go:24.2,25.29 2 1
github.com/TcMits/ent-clean-template/internal/controller/http/v1/middleware/permission.go:28.2,28.32 1 1
github.com/TcMits/ent-clean-template/internal/controller/http/v1/middleware/permission.go:17.28,18.39 1 0
github.com/TcMits/ent-clean-template/internal/controller/http/v1/middleware/permission.go:20.14,21.25 1 0
github.com/TcMits/ent-clean-template/internal/controller/http/v1/middleware/permission.go:25.29,27.3 1 1
github.com/TcMits/ent-clean-template/internal/controller/http/v1/middleware/permission.go:28.32,31.10 3 2
github.com/TcMits/ent-clean-template/internal/controller/http/v1/middleware/permission.go:34.3,35.59 2 2
github.com/TcMits/ent-clean-template/internal/controller/http/v1/middleware/permission.go:39.3,39.13 1 1
github.com/TcMits/ent-clean-template/internal/controller/http/v1/middleware/permission.go:31.10,32.46 1 0
github.com/TcMits/ent-clean-template/internal/controller/http/v1/middleware/permission.go:32.46,32.81 1 0
github.com/TcMits/ent-clean-template/internal/controller/http/v1/middleware/permission.go:35.59,38.4 2 1
github.com/TcMits/ent-clean-template/internal/controller/http/v1/create.go:22.16,23.32 1 2
github.com/TcMits/ent-clean-template/internal/controller/http/v1/create.go:23.32,25.51 2 2
github.com/TcMits/ent-clean-template/internal/controller/http/v1/create.go:29.3,31.17 3 2
github.com/TcMits/ent-clean-template/internal/controller/http/v1/create.go:35.3,37.20 3 1
github.com/TcMits/ent-clean-template/internal/controller/http/v1/create.go:25.51,28.4 2 0
github.com/TcMits/ent-clean-template/internal/controller/http/v1/create.go:31.17,34.4 2 1
github.com/TcMits/ent-clean-template/internal/controller/http/v1/health.go:10.56,11.58 1 1
github.com/TcMits/ent-clean-template/internal/controller/http/v1/health.go:11.58,13.3 1 1
github.com/TcMits/ent-clean-template/internal/controller/http/v1/login.go:25.86,33.3 1 0
github.com/TcMits/ent-clean-template/internal/controller/http/v1/login.go:34.88,42.3 1 0
github.com/TcMits/ent-clean-template/internal/controller/http/v1/login.go:43.92,51.3 1 0
github.com/TcMits/ent-clean-template/internal/controller/http/v1/login.go:66.3,67.20 1 3
github.com/TcMits/ent-clean-template/internal/controller/http/v1/login.go:70.2,70.20 1 3
github.com/TcMits/ent-clean-template/internal/controller/http/v1/login.go:73.2,73.14 1 3
github.com/TcMits/ent-clean-template/internal/controller/http/v1/login.go:76.2,78.99 3 3
github.com/TcMits/ent-clean-template/internal/controller/http/v1/login.go:67.20,68.31 1 0
github.com/TcMits/ent-clean-template/internal/controller/http/v1/login.go:70.20,71.31 1 0
github.com/TcMits/ent-clean-template/internal/controller/http/v1/login.go:73.14,74.25 1 0
github.com/TcMits/ent-clean-template/internal/controller/http/v1/login.go:91.16,92.32 1 3
github.com/TcMits/ent-clean-template/internal/controller/http/v1/login.go:92.32,94.50 2 2
github.com/TcMits/ent-clean-template/internal/controller/http/v1/login.go:98.3,99.17 2 2
github.com/TcMits/ent-clean-template/internal/controller/http/v1/login.go:103.3,103.33 1 1
github.com/TcMits/ent-clean-template/internal/controller/http/v1/login.go:94.50,97.4 2 0
github.com/TcMits/ent-clean-template/internal/controller/http/v1/login.go:99.17,102.4 2 1
github.com/TcMits/ent-clean-template/internal/controller/http/v1/login.go:117.16,118.32 1 3
github.com/TcMits/ent-clean-template/internal/controller/http/v1/login.go:118.32,120.57 2 2
github.com/TcMits/ent-clean-template/internal/controller/http/v1/login.go:124.3,125.17 2 2
github.com/TcMits/ent-clean-template/internal/controller/http/v1/login.go:129.3,129.47 1 1
github.com/TcMits/ent-clean-template/internal/controller/http/v1/login.go:120.57,123.4 2 0
github.com/TcMits/ent-clean-template/internal/controller/http/v1/login.go:125.17,128.4 2 1
github.com/TcMits/ent-clean-template/internal/controller/http/v1/login.go:143.16,144.32 1 3
github.com/TcMits/ent-clean-template/internal/controller/http/v1/login.go:144.32,146.56 2 2
github.com/TcMits/ent-clean-template/internal/controller/http/v1/login.go:150.3,151.17 2 2
github.com/TcMits/ent-clean-template/internal/controller/http/v1/login.go:155.3,155.23 1 1
github.com/TcMits/ent-clean-template/internal/controller/http/v1/login.go:146.56,149.4 2 0
github.com/TcMits/ent-clean-template/internal/controller/http/v1/login.go:151.17,154.4 2 1
github.com/TcMits/ent-clean-template/internal/controller/http/v1/update.go:25.16,26.32 1 3
github.com/TcMits/ent-clean-template/internal/controller/http/v1/update.go:26.32,29.52 3 4
github.com/TcMits/ent-clean-template/internal/controller/http/v1/update.go:33.3,33.51 1 4
github.com/TcMits/ent-clean-template/internal/controller/http/v1/update.go:37.3,37.51 1 4
github.com/TcMits/ent-clean-template/internal/controller/http/v1/update.go:41.3,43.17 3 4
github.com/TcMits/ent-clean-template/internal/controller/http/v1/update.go:47.3,48.20 2 2
github.com/TcMits/ent-clean-template/internal/controller/http/v1/update.go:29.52,32.4 2 0
github.com/TcMits/ent-clean-template/internal/controller/http/v1/update.go:33.51,36.4 2 0
github.com/TcMits/ent-clean-template/internal/controller/http/v1/update.go:37.51,40.4 2 0
github.com/TcMits/ent-clean-template/internal/controller/http/v1/update.go:43.17,46.4 2 2
github.com/TcMits/ent-clean-template/internal/controller/http/v1/delete.go:23.16,24.32 1 2
github.com/TcMits/ent-clean-template/internal/controller/http/v1/delete.go:24.32,26.52 2 2
github.com/TcMits/ent-clean-template/internal/controller/http/v1/delete.go:30.3,30.51 1 2
github.com/TcMits/ent-clean-template/internal/controller/http/v1/delete.go:34.3,36.17 3 2
github.com/TcMits/ent-clean-template/internal/controller/http/v1/delete.go:40.3,41.23 2 1
github.com/TcMits/ent-clean-template/internal/controller/http/v1/delete.go:26.52,29.4 2 0
github.com/TcMits/ent-clean-template/internal/controller/http/v1/delete.go:30.51,33.4 2 0
github.com/TcMits/ent-clean-template/internal/controller/http/v1/delete.go:36.17,39.4 2 1
github.com/TcMits/ent-clean-template/internal/controller/http/v1/error.go:30.41,32.9 2 16
github.com/TcMits/ent-clean-template/internal/controller/http/v1/error.go:35.2,35.27 1 6
github.com/TcMits/ent-clean-template/internal/controller/http/v1/error.go:32.9,34.3 1 10
github.com/TcMits/ent-clean-template/internal/controller/http/v1/error.go:38.45,39.14 1 24
github.com/TcMits/ent-clean-template/internal/controller/http/v1/error.go:40.37,41.30 1 1
github.com/TcMits/ent-clean-template/internal/controller/http/v1/error.go:42.35,43.33 1 5
github.com/TcMits/ent-clean-template/internal/controller/http/v1/error.go:44.50,45.40 1 12
github.com/TcMits/ent-clean-template/internal/controller/http/v1/error.go:46.60,47.31 1 3
github.com/TcMits/ent-clean-template/internal/controller/http/v1/error.go:48.29,49.29 1 1
github.com/TcMits/ent-clean-template/internal/controller/http/v1/error.go:50.23,51.34 1 1
github.com/TcMits/ent-clean-template/internal/controller/http/v1/error.go:52.10,53.40 1 1
github.com/TcMits/ent-clean-template/internal/controller/http/v1/error.go:57.59,59.59 2 24
github.com/TcMits/ent-clean-template/internal/controller/http/v1/error.go:62.2,62.14 1 24
github.com/TcMits/ent-clean-template/internal/controller/http/v1/error.go:59.59,61.3 1 5
github.com/TcMits/ent-clean-template/internal/controller/http/v1/error.go:67.31,68.25 1 10
github.com/TcMits/ent-clean-template/internal/controller/http/v1/error.go:69.23,70.25 1 1
github.com/TcMits/ent-clean-template/internal/controller/http/v1/error.go:71.50,72.15 1 12
github.com/TcMits/ent-clean-template/internal/controller/http/v1/error.go:73.10,74.25 1 1
github.com/TcMits/ent-clean-template/internal/controller/http/v1/error.go:78.67,83.36 4 14
github.com/TcMits/ent-clean-template/internal/controller/http/v1/error.go:84.34,89.5 2 4
github.com/TcMits/ent-clean-template/internal/controller/http/v1/error.go:90.10,94.5 1 10
github.com/TcMits/ent-clean-template/internal/controller/http/v1/error.go:99.67,101.2 1 0
github.com/TcMits/ent-clean-template/internal/controller/http/v1/error.go:105.28,112.8 5 3
github.com/TcMits/ent-clean-template/internal/controller/http/v1/error.go:121.2,123.3 1 3
github.com/TcMits/ent-clean-template/internal/controller/http/v1/error.go:112.8,113.38 1 1
github.com/TcMits/ent-clean-template/internal/controller/http/v1/error.go:113.38,118.9 3 1
github.com/TcMits/ent-clean-template/internal/controller/http/v1/error.go:132.3,133.54 1 2
github.com/TcMits/ent-clean-template/internal/controller/http/v1/error.go:138.2,138.26 1 2
github.com/TcMits/ent-clean-template/internal/controller/http/v1/error.go:133.54,135.3 1 1
github.com/TcMits/ent-clean-template/internal/controller/http/v1/error.go:135.8,135.38 1 1
github.com/TcMits/ent-clean-template/internal/controller/http/v1/error.go:135.38,137.3 1 1
github.com/TcMits/ent-clean-template/internal/controller/http/v1/read.go:37.40,48.16 5 3
github.com/TcMits/ent-clean-template/internal/controller/http/v1/read.go:51.2,54.45 2 2
github.com/TcMits/ent-clean-template/internal/controller/http/v1/read.go:64.2,64.34 1 2
github.com/TcMits/ent-clean-template/internal/controller/http/v1/read.go:76.2,76.55 1 2
github.com/TcMits/ent-clean-template/internal/controller/http/v1/read.go:83.2,83.37 1 1
github.com/TcMits/ent-clean-template/internal/controller/http/v1/read.go:48.16,50.3 1 1
github.com/TcMits/ent-clean-template/internal/controller/http/v1/read.go:54.45,61.3 4 2
github.com/TcMits/ent-clean-template/internal/controller/http/v1/read.go:64.34,66.25 2 2
github.com/TcMits/ent-clean-template/internal/controller/http/v1/read.go:69.3,72.48 4 2
github.com/TcMits/ent-clean-template/internal/controller/http/v1/read.go:66.25,68.4 1 2
github.com/TcMits/ent-clean-template/internal/controller/http/v1/read.go:76.55,78.17 2 2
github.com/TcMits/ent-clean-template/internal/controller/http/v1/read.go:81.3,81.32 1 1
github.com/TcMits/ent-clean-template/internal/controller/http/v1/read.go:78.17,80.4 1 1
github.com/TcMits/ent-clean-template/internal/controller/http/v1/read.go:97.16,98.32 1 3
github.com/TcMits/ent-clean-template/internal/controller/http/v1/read.go:98.32,100.52 2 2
github.com/TcMits/ent-clean-template/internal/controller/http/v1/read.go:104.3,104.51 1 2
github.com/TcMits/ent-clean-template/internal/controller/http/v1/read.go:108.3,110.17 3 2
github.com/TcMits/ent-clean-template/internal/controller/http/v1/read.go:114.3,115.20 2 1
github.com/TcMits/ent-clean-template/internal/controller/http/v1/read.go:100.52,103.4 2 0
github.com/TcMits/ent-clean-template/internal/controller/http/v1/read.go:104.51,107.4 2 0
github.com/TcMits/ent-clean-template/internal/controller/http/v1/read.go:110.17,113.4 2 1
github.com/TcMits/ent-clean-template/internal/controller/http/v1/read.go:134.16,135.32 1 3
github.com/TcMits/ent-clean-template/internal/controller/http/v1/read.go:135.32,139.52 4 3
github.com/TcMits/ent-clean-template/internal/controller/http/v1/read.go:143.3,143.51 1 3
github.com/TcMits/ent-clean-template/internal/controller/http/v1/read.go:147.3,147.51 1 3
github.com/TcMits/ent-clean-template/internal/controller/http/v1/read.go:151.3,151.58 1 3
github.com/TcMits/ent-clean-template/internal/controller/http/v1/read.go:156.3,159.17 2 3
github.com/TcMits/ent-clean-template/internal/controller/http/v1/read.go:163.3,166.29 4 1
github.com/TcMits/ent-clean-template/internal/controller/http/v1/read.go:170.3,170.63 1 1
github.com/TcMits/ent-clean-template/internal/controller/http/v1/read.go:139.52,142.4 2 0
github.com/TcMits/ent-clean-template/internal/controller/http/v1/read.go:143.51,146.4 2 0
github.com/TcMits/ent-clean-template/internal/controller/http/v1/read.go:147.51,150.4 2 0
github.com/TcMits/ent-clean-template/internal/controller/http/v1/read.go:151.58,154.4 2 0
github.com/TcMits/ent-clean-template/internal/controller/http/v1/read.go:159.17,162.4 2 2
github.com/TcMits/ent-clean-template/internal/controller/http/v1/read.go:166.29,169.4 2 11
github.com/TcMits/ent-clean-template/internal/controller/http/v1/user.go:20.93,28.2 1 0
github.com/TcMits/ent-clean-template/internal/controller/http/v1/user.go:36.3,41.49 1 1
github.com/TcMits/ent-clean-template/internal/controller/http/v1/user.go:44.2,48.49 1 1
github.com/TcMits/ent-clean-template/internal/controller/http/v1/user.go:52.2,60.101 4 1
github.com/TcMits/ent-clean-template/internal/controller/http/v1/user.go:41.49,41.63 1 0
github.com/TcMits/ent-clean-template/internal/controller/http/v1/user.go:42.49,42.63 1 0
github.com/TcMits/ent-clean-template/internal/controller/http/v1/user.go:48.49,48.63 1 0
github.com/TcMits/ent-clean-template/internal/controller/http/v1/user.go:49.49,49.63 1 0
github.com/TcMits/ent-clean-template/internal/controller/http/v1/v1.go:8.37,17.11 3 18
github.com/TcMits/ent-clean-template/internal/controller/http/v1/v1.go:20.2,21.16 2 18
github.com/TcMits/ent-clean-template/internal/controller/http/v1/v1.go:24.2,26.16 2 18
github.com/TcMits/ent-clean-template/internal/controller/http/v1/v1.go:17.11,19.3 1 5
github.com/TcMits/ent-clean-template/internal/controller/http/v1/v1.go:21.16,22.13 1 0
github.com/TcMits/ent-clean-template/pkg/tool/password/password.go:10.59,19.2 4 3
github.com/TcMits/ent-clean-template/pkg/tool/password/password.go:22.55,23.20 1 3
github.com/TcMits/ent-clean-template/pkg/tool/password/password.go:28.2,29.16 2 2
github.com/TcMits/ent-clean-template/pkg/tool/password/password.go:32.2,32.36 1 2
github.com/TcMits/ent-clean-template/pkg/tool/password/password.go:23.20,25.3 1 1
github.com/TcMits/ent-clean-template/pkg/tool/password/password.go:29.16,31.3 1 0
github.com/TcMits/ent-clean-template/internal/repository/transaction.go:13.73,14.19 1 0
github.com/TcMits/ent-clean-template/internal/repository/transaction.go:17.2,17.47 1 0
github.com/TcMits/ent-clean-template/internal/repository/transaction.go:14.19,15.30 1 0
github.com/TcMits/ent-clean-template/internal/repository/transaction.go:22.52,24.16 2 0
github.com/TcMits/ent-clean-template/internal/repository/transaction.go:27.2,27.29 1 0
github.com/TcMits/ent-clean-template/internal/repository/transaction.go:30.2,30.31 1 0
github.com/TcMits/ent-clean-template/internal/repository/transaction.go:33.2,33.51 1 0
github.com/TcMits/ent-clean-template/internal/repository/transaction.go:24.16,26.3 1 0
github.com/TcMits/ent-clean-template/internal/repository/transaction.go:27.29,29.3 1 0
github.com/TcMits/ent-clean-template/internal/repository/transaction.go:30.31,32.3 1 0
github.com/TcMits/ent-clean-template/internal/repository/user.go:24.3,25.19 1 0
github.com/TcMits/ent-clean-template/internal/repository/user.go:28.2,33.3 1 0
github.com/TcMits/ent-clean-template/internal/repository/user.go:25.19,26.30 1 0
github.com/TcMits/ent-clean-template/internal/repository/file.go:40.64,41.21 1 1
github.com/TcMits/ent-clean-template/internal/repository/file.go:44.2,49.3 1 1
github.com/TcMits/ent-clean-template/internal/repository/file.go:41.21,42.32 1 0
github.com/TcMits/ent-clean-template/internal/repository/file.go:58.18,60.2 1 1
github.com/TcMits/ent-clean-template/internal/repository/file.go:67.18,69.63 2 2
github.com/TcMits/ent-clean-template/internal/repository/file.go:73.2,74.20 2 1
github.com/TcMits/ent-clean-template/internal/repository/file.go:78.2,85.49 6 1
github.com/TcMits/ent-clean-template/internal/repository/file.go:92.2,93.16 2 1
github.com/TcMits/ent-clean-template/internal/repository/file.go:96.2,96.19 1 1
github.com/TcMits/ent-clean-template/internal/repository/file.go:69.63,71.3 1 1
github.com/TcMits/ent-clean-template/internal/repository/file.go:74.20,76.3 1 1
github.com/TcMits/ent-clean-template/internal/repository/file.go:85.49,87.17 2 138
github.com/TcMits/ent-clean-template/internal/repository/file.go:90.3,90.13 1 138
github.com/TcMits/ent-clean-template/internal/repository/file.go:87.17,89.4 1 0
github.com/TcMits/ent-clean-template/internal/repository/file.go:93.16,95.3 1 0
github.com/TcMits/ent-clean-template/internal/repository/file.go:99.79,101.2 1 2
github.com/TcMits/ent-clean-template/internal/repository/file.go:103.85,105.16 2 2
github.com/TcMits/ent-clean-template/internal/repository/file.go:111.2,111.18 1 1
github.com/TcMits/ent-clean-template/internal/repository/file.go:105.16,106.49 1 1
github.com/TcMits/ent-clean-template/internal/repository/file.go:109.3,109.20 1 1
github.com/TcMits/ent-clean-template/internal/repository/file.go:106.49,108.4 1 1
github.com/TcMits/ent-clean-template/internal/repository/login.go:20.3,21.19 1 1
github.com/TcMits/ent-clean-template/internal/repository/login.go:24.2,24.41 1 1
github.com/TcMits/ent-clean-template/internal/repository/login.go:21.19,22.30 1 0
github.com/TcMits/ent-clean-template/internal/repository/login.go:29.24,31.16 2 6
github.com/TcMits/ent-clean-template/internal/repository/login.go:36.2,37.16 2 6
github.com/TcMits/ent-clean-template/internal/repository/login.go:40.2,40.15 1 3
github.com/TcMits/ent-clean-template/internal/repository/login.go:31.16,35.3 1 0
github.com/TcMits/ent-clean-template/internal/repository/login.go:37.16,39.3 1 3
github.com/TcMits/ent-clean-template/internal/repository/login.go:45.24,50.16 5 3
github.com/TcMits/ent-clean-template/internal/repository/login.go:53.2,53.68 1 2
github.com/TcMits/ent-clean-template/internal/repository/login.go:56.2,56.18 1 1
github.com/TcMits/ent-clean-template/internal/repository/login.go:50.16,52.3 1 1
github.com/TcMits/ent-clean-template/internal/repository/login.go:53.68,55.3 1 1
github.com/TcMits/ent-clean-template/internal/repository/mocks.go:28.87,32.2 3 0
github.com/TcMits/ent-clean-template/internal/repository/mocks.go:35.85,37.2 1 0
github.com/TcMits/ent-clean-template/internal/repository/mocks.go:40.114,48.2 7 0
github.com/TcMits/ent-clean-template/internal/repository/mocks.go:51.87,54.2 2 0
github.com/TcMits/ent-clean-template/internal/repository/mocks.go:68.143,72.2 3 0
github.com/TcMits/ent-clean-template/internal/repository/mocks.go:75.133,77.2 1 0
github.com/TcMits/ent-clean-template/internal/repository/mocks.go:80.127,86.2 5 0
github.com/TcMits/ent-clean-template/internal/repository/mocks.go:89.115,92.2 2 0
github.com/TcMits/ent-clean-template/internal/repository/mocks.go:106.121,110.2 3 0
github.com/TcMits/ent-clean-template/internal/repository/mocks.go:113.115,115.2 1 0
github.com/TcMits/ent-clean-template/internal/repository/mocks.go:118.114,124.2 5 0
github.com/TcMits/ent-clean-template/internal/repository/mocks.go:127.108,130.2 2 0
github.com/TcMits/ent-clean-template/internal/repository/mocks.go:144.163,148.2 3 0
github.com/TcMits/ent-clean-template/internal/repository/mocks.go:151.153,153.2 1 0
github.com/TcMits/ent-clean-template/internal/repository/mocks.go:156.176,162.2 5 0
github.com/TcMits/ent-clean-template/internal/repository/mocks.go:165.147,168.2 2 0
github.com/TcMits/ent-clean-template/internal/repository/mocks.go:182.181,186.2 3 0
github.com/TcMits/ent-clean-template/internal/repository/mocks.go:189.167,191.2 1 0
github.com/TcMits/ent-clean-template/internal/repository/mocks.go:194.184,200.2 5 0
github.com/TcMits/ent-clean-template/internal/repository/mocks.go:203.151,206.2 2 0
github.com/TcMits/ent-clean-template/internal/repository/mocks.go:220.201,224.2 3 0
github.com/TcMits/ent-clean-template/internal/repository/mocks.go:227.187,229.2 1 0
github.com/TcMits/ent-clean-template/internal/repository/mocks.go:232.233,238.2 5 0
github.com/TcMits/ent-clean-template/internal/repository/mocks.go:241.183,244.2 2 0
github.com/TcMits/ent-clean-template/internal/repository/mocks.go:258.151,262.2 3 0
github.com/TcMits/ent-clean-template/internal/repository/mocks.go:265.141,267.2 1 0
github.com/TcMits/ent-clean-template/internal/repository/mocks.go:270.135,276.2 5 0
github.com/TcMits/ent-clean-template/internal/repository/mocks.go:279.122,282.2 2 0
github.com/TcMits/ent-clean-template/internal/repository/mocks.go:296.171,300.2 3 0
github.com/TcMits/ent-clean-template/internal/repository/mocks.go:303.161,305.2 1 0
github.com/TcMits/ent-clean-template/internal/repository/mocks.go:308.173,314.2 5 0
github.com/TcMits/ent-clean-template/internal/repository/mocks.go:317.148,320.2 2 0
github.com/TcMits/ent-clean-template/internal/repository/mocks.go:334.151,338.2 3 0
github.com/TcMits/ent-clean-template/internal/repository/mocks.go:341.141,343.2 1 0
github.com/TcMits/ent-clean-template/internal/repository/mocks.go:346.151,352.2 5 0
github.com/TcMits/ent-clean-template/internal/repository/mocks.go:355.128,358.2 2 0
github.com/TcMits/ent-clean-template/internal/repository/mocks.go:372.171,376.2 3 0
github.com/TcMits/ent-clean-template/internal/repository/mocks.go:379.161,381.2 1 0
github.com/TcMits/ent-clean-template/internal/repository/mocks.go:384.189,390.2 5 0
github.com/TcMits/ent-clean-template/internal/repository/mocks.go:393.154,396.2 2 0
github.com/TcMits/ent-clean-template/internal/repository/mocks.go:410.113,414.2 3 0
github.com/TcMits/ent-clean-template/internal/repository/mocks.go:417.107,419.2 1 0
github.com/TcMits/ent-clean-template/internal/repository/mocks.go:422.99,427.2 4 0
github.com/TcMits/ent-clean-template/internal/repository/mocks.go:430.105,433.2 2 0
github.com/TcMits/ent-clean-template/internal/repository/mocks.go:447.133,451.2 3 0
github.com/TcMits/ent-clean-template/internal/repository/mocks.go:454.127,456.2 1 0
github.com/TcMits/ent-clean-template/internal/repository/mocks.go:459.137,464.2 4 0
github.com/TcMits/ent-clean-template/internal/repository/mocks.go:467.131,470.2 2 0
github.com/TcMits/ent-clean-template/internal/repository/mocks.go:484.171,488.2 3 0
github.com/TcMits/ent-clean-template/internal/repository/mocks.go:491.157,493.2 1 0
github.com/TcMits/ent-clean-template/internal/repository/mocks.go:496.140,502.2 5 0
github.com/TcMits/ent-clean-template/internal/repository/mocks.go:505.129,508.2 2 0
github.com/TcMits/ent-clean-template/internal/repository/mocks.go:522.81,526.2 3 0
github.com/TcMits/ent-clean-template/internal/repository/mocks.go:529.79,531.2 1 0
github.com/TcMits/ent-clean-template/internal/repository/mocks.go:534.123,540.2 5 0
github.com/TcMits/ent-clean-template/internal/repository/mocks.go:543.107,546.2 2 0
github.com/TcMits/ent-clean-template/internal/repository/mocks.go:560.83,564.2 3 0
github.com/TcMits/ent-clean-template/internal/repository/mocks.go:567.81,569.2 1 0
github.com/TcMits/ent-clean-template/internal/repository/mocks.go:572.90,578.2 5 0
github.com/TcMits/ent-clean-template/internal/repository/mocks.go:581.91,584.2 2 0
github.com/TcMits/ent-clean-template/internal/repository/mocks.go:598.83,602.2 3 0
github.com/TcMits/ent-clean-template/internal/repository/mocks.go:605.81,607.2 1 0
github.com/TcMits/ent-clean-template/internal/repository/mocks.go:610.119,616.2 5 0
github.com/TcMits/ent-clean-template/internal/repository/mocks.go:619.103,622.2 2 0
github.com/TcMits/ent-clean-template/internal/repository/mocks.go:636.85,640.2 3 0
github.com/TcMits/ent-clean-template/internal/repository/mocks.go:643.83,645.2 1 0
github.com/TcMits/ent-clean-template/internal/repository/mocks.go:648.84,653.2 4 0
github.com/TcMits/ent-clean-template/internal/repository/mocks.go:656.93,659.2 2 0
github.com/TcMits/ent-clean-template/internal/repository/mocks.go:673.73,677.2 3 0
github.com/TcMits/ent-clean-template/internal/repository/mocks.go:680.71,682.2 1 0
github.com/TcMits/ent-clean-template/internal/repository/mocks.go:685.78,690.2 4 0
github.com/TcMits/ent-clean-template/internal/repository/mocks.go:693.87,696.2 2 0
github.com/TcMits/ent-clean-template/internal/repository/mocks.go:699.85,705.2 5 0
github.com/TcMits/ent-clean-template/internal/repository/mocks.go:708.86,711.2 2 0
github.com/TcMits/ent-clean-template/internal/repository/mocks.go:714.119,720.2 5 0
github.com/TcMits/ent-clean-template/internal/repository/mocks.go:723.103,726.2 2 0
github.com/TcMits/ent-clean-template/internal/repository/mocks.go:729.114,735.2 5 0
github.com/TcMits/ent-clean-template/internal/repository/mocks.go:738.98,741.2 2 0
